#
# A fatal error has been detected by the Java Runtime Environment:
#
#  EXCEPTION_ACCESS_VIOLATION (0xc0000005) at pc=0x535f6100, pid=6116, tid=4860
#
# JRE version: Java(TM) SE Runtime Environment (7.0_79-b15) (build 1.7.0_79-b15)
# Java VM: Java HotSpot(TM) Client VM (24.79-b02 mixed mode windows-x86 )
# Problematic frame:
# V  [jvm.dll+0x36100]
#
# Failed to write core dump. Minidumps are not enabled by default on client versions of Windows
#
# If you would like to submit a bug report, please visit:
#   http://bugreport.java.com/bugreport/crash.jsp
#

---------------  T H R E A D  ---------------

Current thread (0x17a52400):  JavaThread "JDWP Transport Listener: dt_socket" daemon [_thread_in_vm, id=4860, stack(0x18400000,0x18450000)]

siginfo: ExceptionCode=0xc0000005, reading address 0x00000008

Registers:
EAX=0x03e44e18, EBX=0x17a52400, ECX=0x00000000, EDX=0x00000000
ESP=0x1844f834, EBP=0x1844f838, ESI=0x00000000, EDI=0x611fe15c
EIP=0x535f6100, EFLAGS=0x00010246

Top of Stack: (sp=0x1844f834)
0x1844f834:   17a52530 1844f860 53682b96 03e44e18
0x1844f844:   611fe15c 17a52530 611fe174 17a52400
0x1844f854:   00000000 17a52530 1844f924 611fe99c
0x1844f864:   611e63b2 17a52530 03e44e18 00000000
0x1844f874:   1844f898 1844f924 1875c5d8 1844f8d4
0x1844f884:   17a1a478 1844f8a4 611ebd27 1844f8a4
0x1844f894:   1844f8d8 611fe890 6e035004 61202c68
0x1844f8a4:   187debe8 0000000b 00000000 00000013 

Instructions: (pc=0x535f6100)
0x535f60e0:   8b 0d 24 9d 8f 53 85 c9 7e 05 8b 0c 01 eb 02 33
0x535f60f0:   c9 8b 15 28 9d 8f 53 85 d2 7e 05 8b 04 02 eb 03
0x535f6100:   8b 46 08 85 c0 75 0f 33 c9 50 51 e8 80 a0 15 00
0x535f6110:   83 c4 08 5e 5d c3 8d 4c 4e 0c 50 51 e8 6f a0 15 


Register to memory mapping:

EAX=
[error occurred during error reporting (printing register info), id 0xc0000005]

Stack: [0x18400000,0x18450000],  sp=0x1844f834,  free space=318k
Native frames: (J=compiled Java code, j=interpreted, Vv=VM code, C=native code)
V  [jvm.dll+0x36100]
V  [jvm.dll+0xc2b96]


---------------  P R O C E S S  ---------------

Java Threads: ( => current thread )
  0x17ba6000 JavaThread "Abandoned connection cleanup thread" daemon [_thread_blocked, id=2700, stack(0x185e0000,0x18630000)]
  0x17a73000 JavaThread "Service Thread" daemon [_thread_blocked, id=7340, stack(0x18380000,0x183d0000)]
  0x17a6b800 JavaThread "C1 CompilerThread0" daemon [_thread_blocked, id=7548, stack(0x18490000,0x184e0000)]
  0x17a5b800 JavaThread "JDWP Command Reader" daemon [_thread_in_native, id=5448, stack(0x18530000,0x18580000)]
  0x17a5a800 JavaThread "JDWP Event Helper Thread" daemon [_thread_blocked, id=6252, stack(0x182c0000,0x18310000)]
=>0x17a52400 JavaThread "JDWP Transport Listener: dt_socket" daemon [_thread_in_vm, id=4860, stack(0x18400000,0x18450000)]
  0x17a48000 JavaThread "Attach Listener" daemon [_thread_blocked, id=7636, stack(0x17e00000,0x17e50000)]
  0x17a45000 JavaThread "Signal Dispatcher" daemon [_thread_blocked, id=2000, stack(0x17c30000,0x17c80000)]
  0x17a18800 JavaThread "Finalizer" daemon [_thread_blocked, id=6424, stack(0x01830000,0x01880000)]
  0x17a13800 JavaThread "Reference Handler" daemon [_thread_blocked, id=7080, stack(0x17c90000,0x17ce0000)]
  0x0122c400 JavaThread "main" [_thread_blocked, id=7056, stack(0x018f0000,0x01940000)]

Other Threads:
  0x17a11400 VMThread [stack: 0x03960000,0x039b0000] [id=5696]
  0x17a85800 WatcherThread [stack: 0x186e0000,0x18730000] [id=6440]

VM state:not at safepoint (normal execution)

VM Mutex/Monitor currently owned by a thread: None

Heap
 def new generation   total 4928K, used 4928K [0x03a00000, 0x03f50000, 0x08f50000)
  eden space 4416K, 100% used [0x03a00000, 0x03e50000, 0x03e50000)
  from space 512K, 100% used [0x03ed0000, 0x03f50000, 0x03f50000)
  to   space 512K,   0% used [0x03e50000, 0x03e50000, 0x03ed0000)
 tenured generation   total 10944K, used 1010K [0x08f50000, 0x09a00000, 0x13a00000)
   the space 10944K,   9% used [0x08f50000, 0x0904c880, 0x0904ca00, 0x09a00000)
 compacting perm gen  total 12288K, used 5269K [0x13a00000, 0x14600000, 0x17a00000)
   the space 12288K,  42% used [0x13a00000, 0x13f25778, 0x13f25800, 0x14600000)
No shared spaces configured.

Card table byte_map: [0x01230000,0x012e0000] byte_map_base: 0x01213000

Polling page: 0x00270000

Code Cache  [0x01940000, 0x01a10000, 0x03940000)
 total_blobs=275 nmethods=120 adapters=100 free_code_cache=31966Kb largest_free_block=32733824

Compilation events (10 events):
Event: 0.546 Thread 0x17a6b800  117   !         sun.misc.URLClassPath$JarLoader::getResource (91 bytes)
Event: 0.547 Thread 0x17a6b800 nmethod 117 0x01a06f48 code [0x01a07100, 0x01a075a0]
Event: 0.547 Thread 0x17a6b800  118             java.lang.System::getSecurityManager (4 bytes)
Event: 0.547 Thread 0x17a6b800 nmethod 118 0x01a07ac8 code [0x01a07bc0, 0x01a07c30]
Event: 0.550 Thread 0x17a6b800  119             java.util.concurrent.locks.AbstractOwnableSynchronizer::setExclusiveOwnerThread (6 bytes)
Event: 0.550 Thread 0x17a6b800 nmethod 119 0x01a07dc8 code [0x01a07ec0, 0x01a07f50]
Event: 0.551 Thread 0x17a6b800  120             java.util.HashMap::addEntry (69 bytes)
Event: 0.552 Thread 0x17a6b800 nmethod 120 0x01a07f88 code [0x01a080b0, 0x01a08214]
Event: 0.553 Thread 0x17a6b800  121             java.net.URL::getHost (5 bytes)
Event: 0.553 Thread 0x17a6b800 nmethod 121 0x01a083c8 code [0x01a084c0, 0x01a08540]

GC Heap History (2 events):
Event: 0.295 GC heap before
{Heap before GC invocations=0 (full 0):
 def new generation   total 4928K, used 4416K [0x03a00000, 0x03f50000, 0x08f50000)
  eden space 4416K, 100% used [0x03a00000, 0x03e50000, 0x03e50000)
  from space 512K,   0% used [0x03e50000, 0x03e50000, 0x03ed0000)
  to   space 512K,   0% used [0x03ed0000, 0x03ed0000, 0x03f50000)
 tenured generation   total 10944K, used 0K [0x08f50000, 0x09a00000, 0x13a00000)
   the space 10944K,   0% used [0x08f50000, 0x08f50000, 0x08f50200, 0x09a00000)
 compacting perm gen  total 12288K, used 3777K [0x13a00000, 0x14600000, 0x17a00000)
   the space 12288K,  30% used [0x13a00000, 0x13db0790, 0x13db0800, 0x14600000)
No shared spaces configured.
Event: 0.301 GC heap after
Heap after GC invocations=1 (full 0):
 def new generation   total 4928K, used 512K [0x03a00000, 0x03f50000, 0x08f50000)
  eden space 4416K,   0% used [0x03a00000, 0x03a00000, 0x03e50000)
  from space 512K, 100% used [0x03ed0000, 0x03f50000, 0x03f50000)
  to   space 512K,   0% used [0x03e50000, 0x03e50000, 0x03ed0000)
 tenured generation   total 10944K, used 1010K [0x08f50000, 0x09a00000, 0x13a00000)
   the space 10944K,   9% used [0x08f50000, 0x0904c880, 0x0904ca00, 0x09a00000)
 compacting perm gen  total 12288K, used 3777K [0x13a00000, 0x14600000, 0x17a00000)
   the space 12288K,  30% used [0x13a00000, 0x13db0790, 0x13db0800, 0x14600000)
No shared spaces configured.
}

Deoptimization events (0 events):
No events

Internal exceptions (10 events):
Event: 0.546 Thread 0x0122c400 Threw 0x03e23c80 at C:\re\jdk7u79\2331\hotspot\src\share\vm\prims\jvm.cpp:1304
Event: 0.546 Thread 0x0122c400 Threw 0x03e26ed8 at C:\re\jdk7u79\2331\hotspot\src\share\vm\prims\jvm.cpp:1304
Event: 0.547 Thread 0x0122c400 Threw 0x03e29d40 at C:\re\jdk7u79\2331\hotspot\src\share\vm\prims\jvm.cpp:1304
Event: 0.547 Thread 0x0122c400 Threw 0x03e2ce90 at C:\re\jdk7u79\2331\hotspot\src\share\vm\prims\jvm.cpp:1304
Event: 0.547 Thread 0x0122c400 Threw 0x03e2f928 at C:\re\jdk7u79\2331\hotspot\src\share\vm\prims\jvm.cpp:1304
Event: 0.550 Thread 0x0122c400 Threw 0x03e32b58 at C:\re\jdk7u79\2331\hotspot\src\share\vm\prims\jvm.cpp:1304
Event: 0.552 Thread 0x0122c400 Threw 0x03e3dc88 at C:\re\jdk7u79\2331\hotspot\src\share\vm\prims\jvm.cpp:1304
Event: 0.553 Thread 0x0122c400 Threw 0x03e40ca0 at C:\re\jdk7u79\2331\hotspot\src\share\vm\interpreter\linkResolver.cpp:892
Event: 0.553 Thread 0x0122c400 Threw 0x03e41228 at C:\re\jdk7u79\2331\hotspot\src\share\vm\prims\jvm.cpp:1304
Event: 0.553 Thread 0x0122c400 Threw 0x03e44608 at C:\re\jdk7u79\2331\hotspot\src\share\vm\runtime\reflection.cpp:1030

Events (10 events):
Event: 67.570 Executing VM operation: EnterInterpOnlyMode
Event: 67.571 Executing VM operation: EnterInterpOnlyMode done
Event: 67.571 Executing VM operation: GetCurrentLocation
Event: 67.571 Executing VM operation: GetCurrentLocation done
Event: 67.571 Executing VM operation: ChangeSingleStep
Event: 67.571 Executing VM operation: ChangeSingleStep done
Event: 67.573 Executing VM operation: ChangeSingleStep
Event: 67.573 Executing VM operation: ChangeSingleStep done
Event: 67.598 Executing VM operation: GetOrSetLocal
Event: 67.598 Executing VM operation: GetOrSetLocal done


Dynamic libraries:
0x012f0000 - 0x0131f000 	C:\Program Files\Java\jdk1.7.0_79\bin\javaw.exe
0x77750000 - 0x77892000 	C:\Windows\SYSTEM32\ntdll.dll
0x75a90000 - 0x75b65000 	C:\Windows\system32\kernel32.dll
0x75780000 - 0x757cb000 	C:\Windows\system32\KERNELBASE.dll
0x774a0000 - 0x77541000 	C:\Windows\system32\ADVAPI32.dll
0x76550000 - 0x765fc000 	C:\Windows\system32\msvcrt.dll
0x77920000 - 0x77939000 	C:\Windows\SYSTEM32\sechost.dll
0x759e0000 - 0x75a82000 	C:\Windows\system32\RPCRT4.dll
0x75bc0000 - 0x75c89000 	C:\Windows\system32\USER32.dll
0x75b70000 - 0x75bbe000 	C:\Windows\system32\GDI32.dll
0x77990000 - 0x7799a000 	C:\Windows\system32\LPK.dll
0x76280000 - 0x7631d000 	C:\Windows\system32\USP10.dll
0x745c0000 - 0x7475e000 	C:\Windows\WinSxS\x86_microsoft.windows.common-controls_6595b64144ccf1df_6.0.7601.18837_none_41e855142bd5705d\COMCTL32.dll
0x76220000 - 0x76277000 	C:\Windows\system32\SHLWAPI.dll
0x77900000 - 0x7791f000 	C:\Windows\system32\IMM32.DLL
0x75f20000 - 0x75fed000 	C:\Windows\system32\MSCTF.dll
0x5d480000 - 0x5d53f000 	C:\Program Files\Java\jdk1.7.0_79\jre\bin\msvcr100.dll
0x535c0000 - 0x53949000 	C:\Program Files\Java\jdk1.7.0_79\jre\bin\client\jvm.dll
0x6eca0000 - 0x6eca7000 	C:\Windows\system32\WSOCK32.dll
0x76010000 - 0x76045000 	C:\Windows\system32\WS2_32.dll
0x76000000 - 0x76006000 	C:\Windows\system32\NSI.dll
0x73f10000 - 0x73f42000 	C:\Windows\system32\WINMM.dll
0x75ff0000 - 0x75ff5000 	C:\Windows\system32\PSAPI.DLL
0x6d560000 - 0x6d56c000 	C:\Program Files\Java\jdk1.7.0_79\jre\bin\verify.dll
0x62280000 - 0x622a0000 	C:\Program Files\Java\jdk1.7.0_79\jre\bin\java.dll
0x611e0000 - 0x6120a000 	C:\Program Files\Java\jdk1.7.0_79\jre\bin\jdwp.dll
0x6d230000 - 0x6d237000 	C:\Program Files\Java\jdk1.7.0_79\jre\bin\npt.dll
0x62be0000 - 0x62bf3000 	C:\Program Files\Java\jdk1.7.0_79\jre\bin\zip.dll
0x6e030000 - 0x6e038000 	C:\Program Files\Java\jdk1.7.0_79\jre\bin\dt_socket.dll
0x73720000 - 0x73730000 	C:\Windows\system32\NLAapi.dll
0x6ead0000 - 0x6eae0000 	C:\Windows\system32\napinsp.dll
0x6eab0000 - 0x6eac2000 	C:\Windows\system32\pnrpnsp.dll
0x750b0000 - 0x750ec000 	C:\Windows\System32\mswsock.dll
0x74f70000 - 0x74fb4000 	C:\Windows\system32\DNSAPI.dll
0x6eaa0000 - 0x6eaa8000 	C:\Windows\System32\winrnr.dll
0x6e890000 - 0x6e89d000 	C:\Windows\system32\wshbth.dll
0x72f80000 - 0x72f9c000 	C:\Windows\system32\IPHLPAPI.DLL
0x72f70000 - 0x72f77000 	C:\Windows\system32\WINNSI.DLL
0x72e40000 - 0x72e78000 	C:\Windows\System32\fwpuclnt.dll
0x6e660000 - 0x6e666000 	C:\Windows\system32\rasadhlp.dll
0x74c70000 - 0x74c75000 	C:\Windows\System32\wshtcpip.dll
0x6b900000 - 0x6b90a000 	C:\Program Files\Java\jdk1.7.0_79\jre\bin\management.dll
0x61260000 - 0x61274000 	C:\Program Files\Java\jdk1.7.0_79\jre\bin\net.dll
0x750a0000 - 0x750a6000 	C:\Windows\System32\wship6.dll
0x64710000 - 0x6471f000 	C:\Program Files\Java\jdk1.7.0_79\jre\bin\nio.dll
0x6eae0000 - 0x6ebcb000 	C:\Windows\system32\dbghelp.dll

VM Arguments:
jvm_args: -agentlib:jdwp=transport=dt_socket,suspend=y,address=localhost:54037 -Dfile.encoding=Cp1252 
java_command: co.simplon.MainMysql contact friend
Launcher Type: SUN_STANDARD

Environment Variables:
JAVA_HOME=C:\Program Files\Java\jdk1.8.0_111
PATH=C:\Program Files\Java\jdk1.7.0_79\jre\bin;C:/Program Files/Java/jre1.8.0_121/bin/client;C:/Program Files/Java/jre1.8.0_121/bin;C:/Program Files/Java/jre1.8.0_121/lib/i386;C:\ProgramData\Oracle\Java\javapath;C:\Install\Oracle\Bdd\app\oracle\product\11.2.0\server\bin;C:\Windows\system32;C:\Windows;C:\Windows\System32\Wbem;C:\Windows\System32\WindowsPowerShell\v1.0\;C:\Program Files\Dell\DW WLAN Card;C:\Outil\Maven\apache-maven-3.2.5\bin;C:\Program Files\Java\jdk1.8.0_111\bin;;C:\Outil\eclipse 4.3.2;
USERNAME=Jean-Michel Wouters
OS=Windows_NT
PROCESSOR_IDENTIFIER=x86 Family 6 Model 37 Stepping 5, GenuineIntel



---------------  S Y S T E M  ---------------

OS: Windows 7 Build 7601 Service Pack 1

CPU:total 4 (2 cores per cpu, 2 threads per core) family 6 model 37 stepping 5, cmov, cx8, fxsr, mmx, sse, sse2, sse3, ssse3, sse4.1, sse4.2, popcnt, aes, ht, tsc, tscinvbit

Memory: 4k page, physical 3594068k(972240k free), swap 7186420k(2422840k free)

vm_info: Java HotSpot(TM) Client VM (24.79-b02) for windows-x86 JRE (1.7.0_79-b15), built on Apr 10 2015 16:49:13 by "java_re" with unknown MS VC++:1600

time: Thu Feb 09 15:38:26 2017
elapsed time: 67 seconds

